Mit Apr 27 17:17:15 CEST 2016
--------------------------------------
convert notebooks to rst
--------------------------------------
[NbConvertApp] Converting notebook /home/mkoenig/git/sbmlutils/docs/../sbmlutils/examples/notebooks/docs/FBAModel.ipynb to rst
[NbConvertApp] Executing notebook with kernel: python2
[NbConvertApp] Writing 6371 bytes to FBAModel.rst
[NbConvertApp] Converting notebook /home/mkoenig/git/sbmlutils/docs/../sbmlutils/examples/notebooks/docs/Interpolation.ipynb to rst
[NbConvertApp] Executing notebook with kernel: python2
[NbConvertApp] Support files will be in Interpolation_files/
[NbConvertApp] Making directory Interpolation_files
[NbConvertApp] Making directory Interpolation_files
[NbConvertApp] Making directory Interpolation_files
[NbConvertApp] Making directory Interpolation_files
[NbConvertApp] Making directory Interpolation_files
[NbConvertApp] Writing 8456 bytes to Interpolation.rst
DONE
--------------------------------------
postprocessing rst
--------------------------------------
DONE
--------------------------------------
create python code
--------------------------------------
[NbConvertApp] Converting notebook /home/mkoenig/git/sbmlutils/docs/../sbmlutils/examples/notebooks/docs/FBAModel.ipynb to python
[NbConvertApp] Executing notebook with kernel: python2
[NbConvertApp] Writing 4561 bytes to FBAModel.py
[NbConvertApp] Converting notebook /home/mkoenig/git/sbmlutils/docs/../sbmlutils/examples/notebooks/docs/Interpolation.ipynb to python
[NbConvertApp] Executing notebook with kernel: python2
[NbConvertApp] Writing 3190 bytes to Interpolation.py
DONE
