Mit Apr 27 17:17:15 CEST 2016
--------------------------------------
remove old documentation
--------------------------------------
DONE
Mit Apr 27 17:17:15 CEST 2016
--------------------------------------
convert notebooks to rst
--------------------------------------
[NbConvertApp] Converting notebook /home/mkoenig/git/sbmlutils/docs/../sbmlutils/examples/notebooks/docs/FBAModel.ipynb to rst
[NbConvertApp] Executing notebook with kernel: python2
[NbConvertApp] Writing 6371 bytes to FBAModel.rst
[NbConvertApp] Converting notebook /home/mkoenig/git/sbmlutils/docs/../sbmlutils/examples/notebooks/docs/Interpolation.ipynb to rst
[NbConvertApp] Executing notebook with kernel: python2
[NbConvertApp] Support files will be in Interpolation_files/
[NbConvertApp] Making directory Interpolation_files
[NbConvertApp] Making directory Interpolation_files
[NbConvertApp] Making directory Interpolation_files
[NbConvertApp] Making directory Interpolation_files
[NbConvertApp] Making directory Interpolation_files
[NbConvertApp] Writing 8456 bytes to Interpolation.rst
DONE
--------------------------------------
postprocessing rst
--------------------------------------
DONE
--------------------------------------
create python code
--------------------------------------
[NbConvertApp] Converting notebook /home/mkoenig/git/sbmlutils/docs/../sbmlutils/examples/notebooks/docs/FBAModel.ipynb to python
[NbConvertApp] Executing notebook with kernel: python2
[NbConvertApp] Writing 4561 bytes to FBAModel.py
[NbConvertApp] Converting notebook /home/mkoenig/git/sbmlutils/docs/../sbmlutils/examples/notebooks/docs/Interpolation.ipynb to python
[NbConvertApp] Executing notebook with kernel: python2
[NbConvertApp] Writing 3190 bytes to Interpolation.py
DONE
--------------------------------------
create html docs
--------------------------------------
Running Sphinx v1.4.1
loading pickled environment... done
building [mo]: targets for 0 po files that are out of date
building [html]: targets for 2 source files that are out of date
updating environment: 0 added, 3 changed, 0 removed
reading sources... [ 33%] _notebooks/docs/FBAModel
reading sources... [ 66%] _notebooks/docs/Interpolation
reading sources... [100%] notebooks

/home/mkoenig/git/sbmlutils/docs/_notebooks/docs/Interpolation.rst:159: WARNING: Inline emphasis start-string without end-string.
/home/mkoenig/git/sbmlutils/docs/_notebooks/docs/Interpolation.rst:215: WARNING: Inline emphasis start-string without end-string.
/home/mkoenig/git/sbmlutils/docs/_notebooks/docs/Interpolation.rst:44: WARNING: image file not readable: _notebooks/docs/_notebooks/docs/Interpolation_files/Interpolation_1_1.png
/home/mkoenig/git/sbmlutils/docs/_notebooks/docs/Interpolation.rst:136: WARNING: image file not readable: _notebooks/docs/_notebooks/docs/Interpolation_files/Interpolation_5_0.png
/home/mkoenig/git/sbmlutils/docs/_notebooks/docs/Interpolation.rst:140: WARNING: image file not readable: _notebooks/docs/_notebooks/docs/Interpolation_files/Interpolation_5_1.png
/home/mkoenig/git/sbmlutils/docs/_notebooks/docs/Interpolation.rst:143: WARNING: image file not readable: _notebooks/docs/_notebooks/docs/Interpolation_files/Interpolation_5_2.png
/home/mkoenig/git/sbmlutils/docs/_notebooks/docs/Interpolation.rst:254: WARNING: image file not readable: _notebooks/docs/_notebooks/docs/Interpolation_files/Interpolation_8_1.png
_notebooks/docs/Interpolation.rst:159: WARNING: Inline emphasis start-string without end-string.
_notebooks/docs/Interpolation.rst:215: WARNING: Inline emphasis start-string without end-string.
looking for now-outdated files... none found
pickling environment... done
checking consistency... /home/mkoenig/git/sbmlutils/docs/_notebooks/docs/FBAModel.rst:: WARNING: document isn't included in any toctree
/home/mkoenig/git/sbmlutils/docs/_notebooks/docs/Interpolation.rst:: WARNING: document isn't included in any toctree
done
preparing documents... done
writing output... [ 25%] _notebooks/docs/FBAModel
writing output... [ 50%] _notebooks/docs/Interpolation
writing output... [ 75%] index
writing output... [100%] notebooks

generating indices... genindex
writing additional pages... search
copying images... [ 20%] _notebooks/docs/Interpolation_files/Interpolation_5_0.png
copying images... [ 40%] _notebooks/docs/Interpolation_files/Interpolation_5_1.png
copying images... [ 60%] _notebooks/docs/Interpolation_files/Interpolation_5_2.png
copying images... [ 80%] _notebooks/docs/Interpolation_files/Interpolation_8_1.png
copying images... [100%] _notebooks/docs/Interpolation_files/Interpolation_1_1.png

copying static files... WARNING: html_static_path entry u'/home/mkoenig/git/sbmlutils/docs/_static' does not exist
done
copying extra files... done
dumping search index in English (code: en) ... done
dumping object inventory... done
build succeeded, 12 warnings.
DONE
